2014-07-28 16:59:08.306  INFO 1427 [main] --- com.qubaopen.system.Application          : Starting Application on mars.local with PID 1427 (/Users/mars/projects/qubaopen/customer-system/target/classes started by mars in /Users/mars/projects/qubaopen/customer-system)
2014-07-28 16:59:08.553  INFO 1427 [main] --- ationConfigEmbeddedWebApplicationContext : Refreshing org.springframework.boot.context.embedded.AnnotationConfigEmbeddedWebApplicationContext@427aff0: startup date [Mon Jul 28 16:59:08 CST 2014]; root of context hierarchy
2014-07-28 16:59:09.125  INFO 1427 [main] --- o.s.b.f.s.DefaultListableBeanFactory     : Overriding bean definition for bean 'beanNameViewResolver': replacing [Root bean: class [null]; scope=; abstract=false; lazyInit=false; autowireMode=3; dependencyCheck=0; autowireCandidate=true; primary=false; factoryBeanName=org.springframework.boot.autoconfigure.web.ErrorMvcAutoConfiguration$WhitelabelErrorViewConfiguration; factoryMethodName=beanNameViewResolver; initMethodName=null; destroyMethodName=(inferred); defined in class path resource [org/springframework/boot/autoconfigure/web/ErrorMvcAutoConfiguration$WhitelabelErrorViewConfiguration.class]] with [Root bean: class [null]; scope=; abstract=false; lazyInit=false; autowireMode=3; dependencyCheck=0; autowireCandidate=true; primary=false; factoryBeanName=org.springframework.boot.autoconfigure.web.WebMvcAutoConfiguration$WebMvcAutoConfigurationAdapter; factoryMethodName=beanNameViewResolver; initMethodName=null; destroyMethodName=(inferred); defined in class path resource [org/springframework/boot/autoconfigure/web/WebMvcAutoConfiguration$WebMvcAutoConfigurationAdapter.class]]
2014-07-28 16:59:09.404  INFO 1427 [main] --- o.s.b.f.s.DefaultListableBeanFactory     : Overriding bean definition for bean 'jpaMapppingContext': replacing [Root bean: class [org.springframework.data.jpa.repository.config.JpaRepositoryConfigExtension$JpaMetamodelMappingContextFactoryBean]; scope=; abstract=false; lazyInit=false; autowireMode=0; dependencyCheck=0; autowireCandidate=true; primary=false; factoryBeanName=null; factoryMethodName=null; initMethodName=null; destroyMethodName=null] with [Root bean: class [org.springframework.data.jpa.repository.config.JpaRepositoryConfigExtension$JpaMetamodelMappingContextFactoryBean]; scope=; abstract=false; lazyInit=false; autowireMode=0; dependencyCheck=0; autowireCandidate=true; primary=false; factoryBeanName=null; factoryMethodName=null; initMethodName=null; destroyMethodName=null]
2014-07-28 16:59:09.930  INFO 1427 [main] --- trationDelegate$BeanPostProcessorChecker : Bean 'org.springframework.transaction.annotation.ProxyTransactionManagementConfiguration' of type [class org.springframework.transaction.annotation.ProxyTransactionManagementConfiguration$$EnhancerBySpringCGLIB$$431d7420] is not eligible for getting processed by all BeanPostProcessors (for example: not eligible for auto-proxying)
2014-07-28 16:59:09.952  INFO 1427 [main] --- trationDelegate$BeanPostProcessorChecker : Bean 'transactionAttributeSource' of type [class org.springframework.transaction.annotation.AnnotationTransactionAttributeSource] is not eligible for getting processed by all BeanPostProcessors (for example: not eligible for auto-proxying)
2014-07-28 16:59:09.961  INFO 1427 [main] --- trationDelegate$BeanPostProcessorChecker : Bean 'transactionInterceptor' of type [class org.springframework.transaction.interceptor.TransactionInterceptor] is not eligible for getting processed by all BeanPostProcessors (for example: not eligible for auto-proxying)
2014-07-28 16:59:09.965  INFO 1427 [main] --- trationDelegate$BeanPostProcessorChecker : Bean 'org.springframework.transaction.config.internalTransactionAdvisor' of type [class org.springframework.transaction.interceptor.BeanFactoryTransactionAttributeSourceAdvisor] is not eligible for getting processed by all BeanPostProcessors (for example: not eligible for auto-proxying)
2014-07-28 16:59:10.296  INFO 1427 [main] --- .t.TomcatEmbeddedServletContainerFactory : Server initialized with port: 8081
2014-07-28 16:59:10.511  INFO 1427 [main] --- o.apache.catalina.core.StandardService   : Starting service Tomcat
2014-07-28 16:59:10.512  INFO 1427 [main] --- org.apache.catalina.core.StandardEngine  : Starting Servlet Engine: Apache Tomcat/7.0.54
2014-07-28 16:59:10.626  INFO 1427 [localhost-startStop-1] --- o.a.c.c.C.[Tomcat].[localhost].[/]       : Initializing Spring embedded WebApplicationContext
2014-07-28 16:59:10.627  INFO 1427 [localhost-startStop-1] --- o.s.web.context.ContextLoader            : Root WebApplicationContext: initialization completed in 2076 ms
2014-07-28 16:59:11.143  INFO 1427 [localhost-startStop-1] --- o.s.b.c.e.ServletRegistrationBean        : Mapping servlet: 'dispatcherServlet' to [/]
2014-07-28 16:59:11.145  INFO 1427 [localhost-startStop-1] --- o.s.b.c.embedded.FilterRegistrationBean  : Mapping filter: 'hiddenHttpMethodFilter' to: [/*]
2014-07-28 16:59:12.378  INFO 1427 [main] --- j.LocalContainerEntityManagerFactoryBean : Building JPA container EntityManagerFactory for persistence unit 'default'
2014-07-28 16:59:12.386  INFO 1427 [main] --- o.hibernate.jpa.internal.util.LogHelper  : HHH000204: Processing PersistenceUnitInfo [
	name: default
	...]
2014-07-28 16:59:12.456  INFO 1427 [main] --- org.hibernate.Version                    : HHH000412: Hibernate Core {4.3.5.Final}
2014-07-28 16:59:12.457  INFO 1427 [main] --- org.hibernate.cfg.Environment            : HHH000206: hibernate.properties not found
2014-07-28 16:59:12.458  INFO 1427 [main] --- org.hibernate.cfg.Environment            : HHH000021: Bytecode provider name : javassist
2014-07-28 16:59:12.563  INFO 1427 [main] --- o.hibernate.annotations.common.Version   : HCANN000001: Hibernate Commons Annotations {4.0.4.Final}
2014-07-28 16:59:12.614  INFO 1427 [main] --- org.hibernate.dialect.Dialect            : HHH000400: Using dialect: org.hibernate.dialect.MySQL5Dialect
2014-07-28 16:59:12.662  INFO 1427 [main] --- o.h.h.i.ast.ASTQueryTranslatorFactory    : HHH000397: Using ASTQueryTranslatorFactory
2014-07-28 16:59:12.797  INFO 1427 [main] --- org.hibernate.tool.hbm2ddl.SchemaUpdate  : HHH000228: Running hbm2ddl schema update
2014-07-28 16:59:12.797  INFO 1427 [main] --- org.hibernate.tool.hbm2ddl.SchemaUpdate  : HHH000102: Fetching database metadata
2014-07-28 16:59:12.798  INFO 1427 [main] --- org.hibernate.tool.hbm2ddl.SchemaUpdate  : HHH000396: Updating schema
2014-07-28 16:59:12.799  INFO 1427 [main] --- org.hibernate.tool.hbm2ddl.SchemaUpdate  : HHH000232: Schema update complete
2014-07-28 16:59:12.972  INFO 1427 [main] --- o.s.w.s.handler.SimpleUrlHandlerMapping  : Mapped URL path [/**/favicon.ico] onto handler of type [class org.springframework.web.servlet.resource.ResourceHttpRequestHandler]
2014-07-28 16:59:13.095  INFO 1427 [main] --- s.w.s.m.m.a.RequestMappingHandlerMapping : Mapped "{[/error],methods=[],params=[],headers=[],consumes=[],produces=[],custom=[]}" onto public org.springframework.http.ResponseEntity<java.util.Map<java.lang.String, java.lang.Object>> org.springframework.boot.autoconfigure.web.BasicErrorController.error(javax.servlet.http.HttpServletRequest)
2014-07-28 16:59:13.095  INFO 1427 [main] --- s.w.s.m.m.a.RequestMappingHandlerMapping : Mapped "{[/error],methods=[],params=[],headers=[],consumes=[],produces=[text/html],custom=[]}" onto public org.springframework.web.servlet.ModelAndView org.springframework.boot.autoconfigure.web.BasicErrorController.errorHtml(javax.servlet.http.HttpServletRequest)
2014-07-28 16:59:13.117  INFO 1427 [main] --- o.s.w.s.handler.SimpleUrlHandlerMapping  : Mapped URL path [/**] onto handler of type [class org.springframework.web.servlet.resource.ResourceHttpRequestHandler]
2014-07-28 16:59:13.118  INFO 1427 [main] --- o.s.w.s.handler.SimpleUrlHandlerMapping  : Mapped URL path [/webjars/**] onto handler of type [class org.springframework.web.servlet.resource.ResourceHttpRequestHandler]
2014-07-28 16:59:13.597  INFO 1427 [main] --- o.s.j.e.a.AnnotationMBeanExporter        : Registering beans for JMX exposure on startup
2014-07-28 16:59:13.672  INFO 1427 [main] --- s.b.c.e.t.TomcatEmbeddedServletContainer : Tomcat started on port(s): 8081/http
2014-07-28 16:59:13.673  INFO 1427 [main] --- com.qubaopen.system.Application          : Started Application in 5.65 seconds (JVM running for 6.392)
2014-07-28 16:59:21.891  INFO 1427 [Thread-1] --- ationConfigEmbeddedWebApplicationContext : Closing org.springframework.boot.context.embedded.AnnotationConfigEmbeddedWebApplicationContext@427aff0: startup date [Mon Jul 28 16:59:08 CST 2014]; root of context hierarchy
2014-07-28 16:59:21.894  INFO 1427 [Thread-1] --- o.s.j.e.a.AnnotationMBeanExporter        : Unregistering JMX-exposed beans on shutdown
2014-07-28 16:59:21.900  INFO 1427 [Thread-1] --- j.LocalContainerEntityManagerFactoryBean : Closing JPA EntityManagerFactory for persistence unit 'default'
